{"/mnt/c/Users/korya/codefellows/401/401CodeNotes/testing/Messages.js": {"path":"/mnt/c/Users/korya/codefellows/401/401CodeNotes/testing/Messages.js","statementMap":{"0":{"start":{"line":3,"column":23},"end":{"line":3,"column":31}},"1":{"start":{"line":6,"column":0},"end":{"line":6,"column":33}}},"fnMap":{"0":{"name":"(anonymous_0)","decl":{"start":{"line":3,"column":23},"end":{"line":3,"column":24}},"loc":{"start":{"line":3,"column":29},"end":{"line":3,"column":31}},"line":3}},"branchMap":{},"s":{"0":1,"1":1},"f":{"0":1},"b":{},"_coverageSchema":"1a1c01bbd47fc00a2c39e90264f33305004495a9","hash":"74d7cb179f736e20c9cf803f8bed16fc1433474d"}
}
